[20:38:43] [Client thread/INFO] [JMLogger] JourneyMap log initialized.
[20:38:43] [Client thread/INFO] [JourneymapClient] initialize ENTER
[20:38:44] [Client thread/INFO] [?] Version: JourneyMap 1.12.2-5.7.1, built with Forge 14.23.5.2768
Forge: 14.23.5.2859
Environment: os.name, os.arch, java.version, user.country, user.language=null, game language=en_us, locale=en_us
Features: 
	RadarPlayers : singleplayer = true , multiplayer = true
	RadarAnimals : singleplayer = true , multiplayer = true
	RadarMobs : singleplayer = true , multiplayer = true
	RadarVillagers : singleplayer = true , multiplayer = true
	MapTopo : singleplayer = true , multiplayer = true
	MapSurface : singleplayer = true , multiplayer = true
	MapCaves : singleplayer = true , multiplayer = true
MiniMapProperties{state=Valid, file=journeymap.minimap.config, configVersion=5.7.1, zoomLevel=0, showPlayers=true, frameAlpha=100, compassFontScale=1, terrainAlpha=100, showEntityNames=true, enabled=true, showPlayerHeading=true, showVillagers=true, info2Label=Game Time, sizePercent=30, showDayNight=true, info3Label=Location, showMobs=true, showPets=true, preferredMapType=day, showCompass=true, mobDisplay=Small Dots, showReticle=true, orientation=North, systemTimeRealFormat=HH:mm:ss, shape=Circle, showSelf=true, info4Label=Biome, locationFormat=xzyv, playerDisplay=Small Dots, showGrid=true, reticleOrientation=Compass, gameTimeRealFormat=HH:mm:ss, showWaypoints=true, showCaves=true, showAnimals=true, showMobHeading=true, showWaypointLabels=true, locationFormatVerbose=true, position=Top Right, info1Label=Blank, fontScale=1}
MiniMapProperties{state=Valid, file=journeymap.minimap2.config, configVersion=5.7.1, zoomLevel=0, showPlayers=true, frameAlpha=100, compassFontScale=1, terrainAlpha=100, showEntityNames=true, enabled=true, showPlayerHeading=true, showVillagers=true, info2Label=Game Time, sizePercent=30, showDayNight=true, info3Label=Location, showMobs=true, showPets=true, preferredMapType=day, showCompass=true, mobDisplay=Small Dots, showReticle=true, orientation=North, systemTimeRealFormat=HH:mm:ss, shape=Rectangle, showSelf=true, info4Label=Biome, locationFormat=xzyv, playerDisplay=Small Dots, showGrid=true, reticleOrientation=Compass, gameTimeRealFormat=HH:mm:ss, showWaypoints=true, showCaves=true, showAnimals=true, showMobHeading=true, showWaypointLabels=true, locationFormatVerbose=true, position=Top Right, info1Label=Blank, fontScale=1}
FullMapProperties{state=Valid, file=journeymap.fullmap.config, configVersion=5.7.1, mobDisplay=Small Dots, zoomLevel=0, showPlayers=true, showSelf=true, locationFormat=xzyv, playerDisplay=Small Dots, showGrid=true, showEntityNames=true, showPlayerHeading=true, showVillagers=true, showWaypoints=true, showCaves=true, showAnimals=true, showMobHeading=true, showKeys=true, showWaypointLabels=true, locationFormatVerbose=true, showMobs=true, showPets=true, fontScale=1, preferredMapType=day}
WaypointProperties{state=Valid, file=journeymap.waypoint.config, configVersion=5.7.1, autoRemoveDeathpointDistance=2, createDeathpoints=true, showName=true, dateFormat=MM-dd-yyyy, autoRemoveDeathpoints=false, maxDistance=0, autoHideLabel=true, teleportCommand=/tp {name} {x} {y} {z}, showStaticBeam=true, minDistance=4, timeFormat=HH:mm:ss, boldLabel=false, textureSmall=true, showDeathpointlabel=true, showDistance=true, showRotatingBeam=true, fontScale=2, showTexture=true, managerEnabled=true, beaconEnabled=true}
WebMapProperties{state=Valid, file=journeymap.webmap.config, configVersion=5.7.1, zoomLevel=0, showWaypoints=true, showCaves=true, showSelf=true, port=8080, showGrid=true, showEntityNames=true, enabled=false, preferredMapType=day}
CoreProperties{state=Valid, file=journeymap.core.config, configVersion=5.7.1, verboseColorPalette=false, maxPlayersData=32, mapSurfaceAboveCaves=true, optionsManagerViewed=5.7.1, announceMod=true, colorPassive=#bbbbbb, renderOverlayEventTypeName=ALL, mapBlendWater=false, renderDistanceSurfaceMax=7, radarVerticalDistance=16, mapBlendGrass=true, recordCacheStats=false, hideSneakingEntities=true, revealShape=Circle, alwaysMapSurface=false, colorVillager=#88e188, mapPlants=false, colorPet=#0077ff, radarLateralDistance=64, mapBathymetry=true, mapCrops=true, maxMobsData=32, mapPlantShadows=false, alwaysMapCaves=false, checkUpdates=true, browserPoll=2000, mapBlendFoliage=true, mappingEnabled=true, colorPlayer=#ffffff, tileHighDisplayQuality=true, cacheVillagersData=2200, logLevel=INFO, maxVillagersData=32, maxAnimalsData=32, mapTransparency=true, tileRenderType=1, caveIgnoreGlass=true, mapTopography=true, renderDistanceCaveMax=3, mapAntialiasing=true, colorSelf=#0000ff, cachePlayersData=2000, cacheMobsData=3000, cachePlayerData=1000, splashViewed=5.7.1, colorHostile=#ff0000, cacheAnimalsData=3100, themeName=OceanMonument, mapCaveLighting=true, renderDelay=2, renderOverlayPreEvent=true, autoMapPoll=2000}
[20:38:44] [Client thread/INFO] [ClientAPI] [ClientAPI] built with JourneyMap API 1.4
[20:38:44] [Client thread/INFO] [PluginHelper] Initializing plugins with Client API: journeymap.client.api.impl.ClientAPI
[20:38:44] [Client thread/INFO] [PluginHelper] Initialized IClientPlugin: com.feed_the_beast.ftbutilities.integration.JourneyMapIntegration
[20:38:44] [Client thread/INFO] [PluginHelper] Initialized IClientPlugin: net.blay09.mods.waystones.compat.JourneyMapAddon
[20:38:44] [Client thread/INFO] [JourneymapClient] initialize EXIT, elapsed count 0 avg ?ms
[20:39:18] [Client thread/DEBUG] [JourneymapClient] postInitialize ENTER
[20:39:18] [Client thread/DEBUG] [EventHandlerManager] Handler registered: journeymap.client.forge.event.KeyEventHandler
[20:39:18] [Client thread/DEBUG] [EventHandlerManager] Handler registered: journeymap.client.forge.event.ChatEventHandler
[20:39:18] [Client thread/DEBUG] [EventHandlerManager] Handler registered: journeymap.client.forge.event.StateTickHandler
[20:39:18] [Client thread/DEBUG] [EventHandlerManager] Handler registered: journeymap.client.forge.event.WorldEventHandler
[20:39:18] [Client thread/DEBUG] [EventHandlerManager] Handler registered: journeymap.client.forge.event.WaypointBeaconHandler
[20:39:18] [Client thread/DEBUG] [EventHandlerManager] Handler registered: journeymap.client.forge.event.TextureAtlasHandler
[20:39:18] [Client thread/DEBUG] [EventHandlerManager] Handler registered: journeymap.client.forge.event.MiniMapOverlayHandler
[20:39:18] [Client thread/DEBUG] [EventHandlerManager] Handler registered: journeymap.client.forge.event.PlayerConnectHandler
[20:39:18] [Client thread/DEBUG] [EventHandlerManager] Handler registered: journeymap.client.world.ChunkMonitor
[20:39:19] [Client thread/INFO] [IconSetFileHandler] Added entity icons from journeymap:icon/entity. Success: false
[20:39:19] [Client thread/TRACE] [ThemeLoader] Initializing themes ...
[20:39:19] [Client thread/INFO] [ThemeLoader] Preloaded theme textures: 73
[20:39:19] [Client thread/DEBUG] [StatTimer] elapsed was slow: 1490.7573
[20:39:19] [Client thread/DEBUG] [JourneymapClient] postInitialize EXIT, elapsed§8 count §r1§8 avg §r§r1490.76§8ms§r
[20:42:41] [Client thread/INFO] [WaypointStore] Loaded 0 waypoints from C:\MultiMC\instances\4custom\.minecraft\journeymap\data\sp\Test\waypoints
[20:42:41] [Client thread/INFO] [JourneymapClient] Mapping started in C:\MultiMC\instances\4custom\.minecraft\journeymap\data\sp\Test\DIM0. Memory: 6837MB total, 2172MB free 
[20:42:41] [Client thread/INFO] [ChatLog] JourneyMap: Press [J]
[20:42:43] [Client thread/INFO] [ModBlockDelegate] Custom modded block handling enabled for bibliocraft
[20:42:43] [Client thread/INFO] [ModBlockDelegate] Custom modded block handling enabled for biomesoplenty
[20:55:09] [Client thread/INFO] [JourneymapClient] Mapping halted in C:\MultiMC\instances\4custom\.minecraft\journeymap\data\sp\Test\DIM0
[20:55:09] [Client thread/WARN] [FileHandler] Couldn't copy color palette html: java.lang.NullPointerException
[20:55:09] [Client thread/ERROR] [ColorPalette] Can't write colorpalette.html: java.lang.NullPointerException
[20:55:09] [Client thread/WARN] [FileHandler] Couldn't copy color palette html: java.lang.NullPointerException
[20:55:09] [Client thread/ERROR] [ColorPalette] Can't write colorpalette.html: java.lang.NullPointerException
[20:58:36] [Client thread/INFO] [WaypointStore] Loaded 0 waypoints from C:\MultiMC\instances\4custom\.minecraft\journeymap\data\mp\Egg~s~Retreat\waypoints
[20:58:36] [Client thread/INFO] [JourneymapClient] Mapping started in C:\MultiMC\instances\4custom\.minecraft\journeymap\data\mp\Egg~s~Retreat\DIM0. Memory: 6386MB total, 2255MB free 
[21:00:31] [Client thread/INFO] [JourneymapClient] Mapping halted in C:\MultiMC\instances\4custom\.minecraft\journeymap\data\mp\Egg~s~Retreat\DIM0
[21:00:31] [Client thread/WARN] [FileHandler] Couldn't copy color palette html: java.lang.NullPointerException
[21:00:31] [Client thread/ERROR] [ColorPalette] Can't write colorpalette.html: java.lang.NullPointerException
[21:00:31] [Client thread/WARN] [FileHandler] Couldn't copy color palette html: java.lang.NullPointerException
[21:00:31] [Client thread/ERROR] [ColorPalette] Can't write colorpalette.html: java.lang.NullPointerException
